{"level":"info","message":"Successful login by: DumasCashier.","timestamp":"2/13/2026, 4:28:50 PM"}
{"level":"info","message":"Successful login by: DumasAdmin2.","timestamp":"2/13/2026, 7:18:14 PM"}
{"level":"info","message":"Successful login by: DumasAdmin2.","timestamp":"2/13/2026, 7:19:22 PM"}
{"level":"info","message":"Successful login by: DumasEditor.","timestamp":"2/13/2026, 7:20:16 PM"}
{"level":"info","message":"Successful login by: DumasCashier.","timestamp":"2/13/2026, 7:24:59 PM"}
{"level":"info","message":"Successful login by: DumasAdmin2.","timestamp":"4/12/2026, 12:27:31 PM"}
{"level":"info","message":"Successful login by: DumasAdmin2.","timestamp":"4/12/2026, 12:46:08 PM"}
{"level":"info","message":"Successful login by: DumasAdmin2.","timestamp":"4/12/2026, 1:05:57 PM"}
{"level":"info","message":"Successful login by: DumasAdmin2.","timestamp":"4/12/2026, 1:11:00 PM"}
{"level":"info","message":"Successful login by: DumasAdmin2.","timestamp":"4/12/2026, 1:13:40 PM"}
{"level":"info","message":"Successful login by: DumasAdmin2.","timestamp":"4/12/2026, 1:14:56 PM"}
{"level":"info","message":"Successful login by: DumasAdmin2.","timestamp":"4/12/2026, 1:25:32 PM"}
{"level":"info","message":"Successful login by: DumasAdmin2.","timestamp":"4/12/2026, 1:28:35 PM"}
{"level":"info","message":"Successful login by: DumasAdmin2.","timestamp":"4/12/2026, 1:32:47 PM"}
{"level":"info","message":"Successful login by: DumasAdmin2.","timestamp":"4/12/2026, 1:47:50 PM"}
{"level":"info","message":"Successful login by: DumasAdmin2.","timestamp":"4/12/2026, 1:49:34 PM"}
{"level":"info","message":"Successful login by: DumasAdmin2.","timestamp":"4/12/2026, 2:15:36 PM"}
{"level":"info","message":"Successful login by: DumasAdmin2.","timestamp":"4/12/2026, 2:17:52 PM"}
{"level":"info","message":"Successful login by: GabrielAdmin.","timestamp":"4/12/2026, 2:24:05 PM"}
{"level":"info","message":"Successful login by: DumasAdmin2.","timestamp":"4/12/2026, 2:27:44 PM"}
{"level":"info","message":"Successful login by: JohnAdmin.","timestamp":"4/12/2026, 2:29:23 PM"}
{"level":"info","message":"Successful login by: DumasAdmin2.","timestamp":"4/12/2026, 5:43:58 PM"}
{"level":"warn","message":"Invalid login attempt by: DumasAdmin2.","timestamp":"4/12/2026, 5:45:56 PM"}
{"level":"warn","message":"Invalid login attempt by: DumasAdmin2.","timestamp":"4/12/2026, 5:46:00 PM"}
{"level":"info","message":"Successful login by: JohnAdmin.","timestamp":"4/12/2026, 5:46:41 PM"}
{"level":"info","message":"Successful login by: DumasAdmin2.","timestamp":"4/12/2026, 5:51:05 PM"}
{"level":"info","message":"Successful login by: DumasAdmin2.","timestamp":"4/12/2026, 5:52:37 PM"}
{"level":"info","message":"Successful login by: GabrielAdmin.","timestamp":"4/12/2026, 5:56:07 PM"}
{"level":"info","message":"Successful login by: DumasAdmin2.","timestamp":"4/12/2026, 6:06:28 PM"}
{"level":"info","message":"Successful login by: DumasAdmin2.","timestamp":"4/12/2026, 6:08:23 PM"}
{"level":"info","message":"Successful login by: DumasAdmin2.","timestamp":"4/12/2026, 6:11:39 PM"}
{"level":"warn","message":"User DumasAdmin2 deleted account DumasEditor"}
{"level":"info","message":"Successful login by: DumasAdmin2.","timestamp":"4/12/2026, 6:16:56 PM"}
{"level":"info","message":"Successful login by: DumasAdmin2.","timestamp":"4/12/2026, 6:17:49 PM"}
{"level":"info","message":"Successful login by: GabrielAdmin.","timestamp":"4/12/2026, 6:28:52 PM"}
{"level":"info","message":"Successful login by: GabrielAdmin.","timestamp":"4/12/2026, 6:34:16 PM"}
{"level":"info","message":"Successful login by: DumasAdmin2.","timestamp":"4/13/2026, 10:50:43 AM"}
{"level":"warn","message":"Invalid login attempt by: DumasAdmin2.","timestamp":"4/13/2026, 10:54:44 AM"}
{"level":"info","message":"Successful login by: GabrielAdmin.","timestamp":"4/13/2026, 11:02:32 AM"}
{"level":"warn","message":"Invalid login attempt by: DumasAdmin2.","timestamp":"4/13/2026, 11:16:46 AM"}
{"level":"warn","message":"Invalid login attempt by: ChaCashier.","timestamp":"4/13/2026, 11:22:41 AM"}
{"level":"warn","message":"Invalid login attempt by: ChaCashier.","timestamp":"4/13/2026, 11:22:49 AM"}
{"level":"warn","message":"Invalid login attempt by: ChaCashier.","timestamp":"4/13/2026, 11:22:58 AM"}
{"level":"warn","message":"Invalid login attempt by: ChaCashier.","timestamp":"4/13/2026, 11:23:04 AM"}
{"level":"warn","message":"Account: ChaCashier locked due to too many failed login attempts.","timestamp":"4/13/2026, 11:23:10 AM"}
{"level":"warn","message":"Password change attemps by: ChaCashier.","timestamp":"4/13/2026, 11:24:04 AM"}
{"level":"warn","message":"Password change attemps by: GabrielAdmin.","timestamp":"4/13/2026, 11:24:24 AM"}
{"level":"warn","message":"Password change attemps by: JohnCashier.","timestamp":"4/13/2026, 11:25:37 AM"}
{"level":"info","message":"Successful login by: GabrielAdmin.","timestamp":"4/13/2026, 11:48:56 AM"}
{"level":"info","message":"Successful login by: GabrielAdmin.","timestamp":"4/13/2026, 12:31:18 PM"}
{"level":"info","message":"Successful login by: GabrielAdmin.","timestamp":"4/13/2026, 4:25:16 PM"}
{"level":"info","message":"Successful login by: GabrielAdmin.","timestamp":"4/13/2026, 4:42:22 PM"}
{"level":"info","message":"Successful login by: GabrielAdmin.","timestamp":"4/13/2026, 5:08:33 PM"}
{"level":"info","message":"Successful login by: GabrielAdmin.","timestamp":"4/13/2026, 5:15:06 PM"}
{"level":"info","message":"Successful login by: GabrielAdmin.","timestamp":"4/13/2026, 5:19:41 PM"}
{"level":"info","message":"Successful login by: GabrielAdmin.","timestamp":"4/13/2026, 5:21:34 PM"}
{"level":"info","message":"Successful login by: GabrielAdmin.","timestamp":"4/13/2026, 5:26:56 PM"}
{"level":"info","message":"Successful login by: GabrielAdmin.","timestamp":"4/13/2026, 5:33:24 PM"}
